<?xml version="1.0" encoding="UTF-8"?>
<!-- Generated by org.testng.reporters.JUnitReportReporter -->
<testsuite hostname="Vishal" failures="0" tests="1" name="com.inetbanking.testCases.TC_LoginTest_001" time="1.889" errors="0" timestamp="17 Jan 2024 21:13:28 GMT" skipped="0">
  <testcase classname="com.inetbanking.testCases.TC_LoginTest_001" name="loginTest" time="1.889"/>
</testsuite> <!-- com.inetbanking.testCases.TC_LoginTest_001 -->
