<?xml version="1.0" encoding="UTF-8"?>
<!-- Generated by org.testng.reporters.JUnitReportReporter -->
<testsuite hostname="Vishal" failures="0" tests="1" name="com.inetbanking.testCases.TC_AddCustomerTest_003" time="18.919" errors="0" timestamp="15 Jan 2024 15:09:03 GMT" skipped="0">
  <testcase classname="com.inetbanking.testCases.TC_AddCustomerTest_003" name="addNewCustomer" time="18.919"/>
</testsuite> <!-- com.inetbanking.testCases.TC_AddCustomerTest_003 -->
