<?xml version="1.0" encoding="UTF-8"?>
<!-- Generated by org.testng.reporters.JUnitReportReporter -->
<testsuite hostname="Vishal" failures="0" tests="1" name="com.inetbanking.testCases.TC_LoginTest_001" time="7.521" errors="0" timestamp="19 Jan 2024 21:47:21 GMT" skipped="0">
  <testcase classname="com.inetbanking.testCases.TC_LoginTest_001" name="loginTest" time="7.521"/>
</testsuite> <!-- com.inetbanking.testCases.TC_LoginTest_001 -->
